<?xml version="1.0" encoding="utf-8"?><testsuites name="pytest tests"><testsuite name="pytest" errors="0" failures="0" skipped="0" tests="15" time="3.809" timestamp="2026-04-17T00:57:53.415431+00:00" hostname="agent-env-c91d7fed-f837-4c38-be65-7233423323b1"><testcase classname="backend.tests.test_melhorias.TestDeleteCategoriaWithDependencies" name="test_delete_categoria_without_force_returns_409" time="0.411" /><testcase classname="backend.tests.test_melhorias.TestDeleteCategoriaWithDependencies" name="test_delete_categoria_with_force_cascades" time="0.255" /><testcase classname="backend.tests.test_melhorias.TestDeleteCategoriaWithDependencies" name="test_delete_categoria_without_dependencies_succeeds" time="0.097" /><testcase classname="backend.tests.test_melhorias.TestDeleteCategoriaWithDependencies" name="test_delete_categoria_not_found" time="0.047" /><testcase classname="backend.tests.test_melhorias.TestDeleteAnimalWithDependencies" name="test_delete_animal_without_force_returns_409" time="0.362" /><testcase classname="backend.tests.test_melhorias.TestDeleteAnimalWithDependencies" name="test_delete_animal_with_force_cascades" time="0.515" /><testcase classname="backend.tests.test_melhorias.TestDeleteAnimalWithDependencies" name="test_delete_animal_without_dependencies_succeeds" time="0.124" /><testcase classname="backend.tests.test_melhorias.TestDeleteAnimalWithDependencies" name="test_delete_animal_not_found" time="0.053" /><testcase classname="backend.tests.test_melhorias.TestListarFilhosAnimal" name="test_get_filhos_returns_offspring_list" time="0.347" /><testcase classname="backend.tests.test_melhorias.TestListarFilhosAnimal" name="test_get_filhos_nonexistent_animal_returns_404" time="0.060" /><testcase classname="backend.tests.test_melhorias.TestListarFilhosAnimal" name="test_get_filhos_empty_list_when_no_offspring" time="0.165" /><testcase classname="backend.tests.test_melhorias.TestHistoricoAnimalWithFilhosGenitora" name="test_historico_includes_filhos_and_total_filhos" time="0.242" /><testcase classname="backend.tests.test_melhorias.TestHistoricoAnimalWithFilhosGenitora" name="test_historico_includes_genitora_when_exists" time="0.249" /><testcase classname="backend.tests.test_melhorias.TestSincronizarLembretesCalendario" name="test_sincronizar_lembretes_dry_run" time="0.389" /><testcase classname="backend.tests.test_melhorias.TestSincronizarLembretesCalendario" name="test_sincronizar_lembretes_deactivate" time="0.384" /></testsuite></testsuites>