<?xml version="1.0" encoding="utf-8"?><testsuites name="pytest tests"><testsuite name="pytest" errors="0" failures="0" skipped="0" tests="17" time="3.626" timestamp="2026-04-17T02:40:05.595479+00:00" hostname="agent-env-c91d7fed-f837-4c38-be65-7233423323b1"><testcase classname="backend.tests.test_visao_2_0.TestProducaoCRUD" name="test_create_producao" time="0.253" /><testcase classname="backend.tests.test_visao_2_0.TestProducaoCRUD" name="test_list_producoes" time="0.268" /><testcase classname="backend.tests.test_visao_2_0.TestProducaoCRUD" name="test_update_producao" time="0.220" /><testcase classname="backend.tests.test_visao_2_0.TestProducaoCRUD" name="test_delete_producao" time="0.158" /><testcase classname="backend.tests.test_visao_2_0.TestProducaoCRUD" name="test_delete_producao_not_found" time="0.051" /><testcase classname="backend.tests.test_visao_2_0.TestProducaoCRUD" name="test_update_producao_not_found" time="0.050" /><testcase classname="backend.tests.test_visao_2_0.TestProducaoBulk" name="test_bulk_producao_recorrente_true" time="0.277" /><testcase classname="backend.tests.test_visao_2_0.TestProducaoBulk" name="test_bulk_producao_recorrente_false" time="0.337" /><testcase classname="backend.tests.test_visao_2_0.TestEntradaUnificada" name="test_entrada_creates_animal_and_movimentacao" time="0.166" /><testcase classname="backend.tests.test_visao_2_0.TestEntradaUnificada" name="test_entrada_duplicate_tag_returns_400" time="0.174" /><testcase classname="backend.tests.test_visao_2_0.TestEntradaBulk" name="test_entrada_bulk_creates_n_animals_and_movimentacoes" time="0.610" /><testcase classname="backend.tests.test_visao_2_0.TestEntradaBulk" name="test_entrada_bulk_duplicate_tags_returns_400" time="0.214" /><testcase classname="backend.tests.test_visao_2_0.TestMovimentacaoTipoProducaoRejected" name="test_movimentacao_tipo_producao_returns_422" time="0.050" /><testcase classname="backend.tests.test_visao_2_0.TestMovimentacaoTipoProducaoRejected" name="test_movimentacao_tipo_entrada_accepted" time="0.102" /><testcase classname="backend.tests.test_visao_2_0.TestMovimentacaoTipoProducaoRejected" name="test_movimentacao_tipo_saida_accepted" time="0.115" /><testcase classname="backend.tests.test_visao_2_0.TestDashboardStatsWithProducoes" name="test_dashboard_stats_includes_producoes_receitas" time="0.286" /><testcase classname="backend.tests.test_visao_2_0.TestIntegridadeHistoricoAnimal" name="test_historico_includes_entrada_movimentacao" time="0.168" /></testsuite></testsuites>