<?xml version="1.0" encoding="utf-8"?><testsuites name="pytest tests"><testsuite name="pytest" errors="0" failures="0" skipped="0" tests="21" time="4.203" timestamp="2026-04-17T03:54:20.694050+00:00" hostname="agent-env-c91d7fed-f837-4c38-be65-7233423323b1"><testcase classname="backend.tests.test_refactoring_regression.TestFullCRUDCycle" name="test_complete_crud_cycle" time="1.329" /><testcase classname="backend.tests.test_refactoring_regression.TestAuthEndpoints" name="test_login_endpoint_responds" time="0.052" /><testcase classname="backend.tests.test_refactoring_regression.TestAuthEndpoints" name="test_auth_me_requires_auth" time="0.050" /><testcase classname="backend.tests.test_refactoring_regression.TestAuthEndpoints" name="test_users_endpoint_requires_admin" time="0.057" /><testcase classname="backend.tests.test_refactoring_regression.TestEntradaUnificada" name="test_entrada_creates_animal_and_movimentacao" time="0.102" /><testcase classname="backend.tests.test_refactoring_regression.TestAnimaisFilhos" name="test_filhos_returns_404_for_nonexistent" time="0.049" /><testcase classname="backend.tests.test_refactoring_regression.TestAnimaisFilhos" name="test_filhos_returns_list" time="0.153" /><testcase classname="backend.tests.test_refactoring_regression.TestDeleteAnimalWithDependencies" name="test_delete_animal_with_dependencies_returns_409" time="0.288" /><testcase classname="backend.tests.test_refactoring_regression.TestDeleteCategoriaWithDespesa" name="test_delete_categoria_with_despesa_returns_409" time="0.218" /><testcase classname="backend.tests.test_refactoring_regression.TestCalendarioVacinacao" name="test_calendario_bovino_returns_protocolos" time="0.066" /><testcase classname="backend.tests.test_refactoring_regression.TestAplicarCalendario" name="test_aplicar_calendario_generates_lembretes" time="0.108" /><testcase classname="backend.tests.test_refactoring_regression.TestSincronizarLembretes" name="test_sincronizar_lembretes_dry_run" time="0.060" /><testcase classname="backend.tests.test_refactoring_regression.TestLembretesAlertas" name="test_alertas_returns_required_fields" time="0.073" /><testcase classname="backend.tests.test_refactoring_regression.TestDashboardStats" name="test_dashboard_stats_structure" time="0.055" /><testcase classname="backend.tests.test_refactoring_regression.TestProducaoCRUD" name="test_producao_full_crud" time="0.208" /><testcase classname="backend.tests.test_refactoring_regression.TestProducaoBulkRecorrente" name="test_producao_bulk_recorrente" time="0.262" /><testcase classname="backend.tests.test_refactoring_regression.TestAnimaisSequencias" name="test_sequencias_returns_list" time="0.378" /><testcase classname="backend.tests.test_refactoring_regression.TestEventosBulk" name="test_eventos_bulk_creates_for_tag_range" time="0.372" /><testcase classname="backend.tests.test_refactoring_regression.TestImportsWork" name="test_health_check" time="0.052" /><testcase classname="backend.tests.test_refactoring_regression.TestImportsWork" name="test_constants_calendario_padrao" time="0.050" /><testcase classname="backend.tests.test_refactoring_regression.TestImportsWork" name="test_models_pydantic_validation" time="0.053" /></testsuite></testsuites>